{"message":"::1 - - [27/Mar/2019:03:10:56 +0000] \"GET /api/v1/category/88888/products HTTP/1.1\" 304 -\n","level":"info"}
{"message":"::1 - - [27/Mar/2019:03:12:14 +0000] \"GET /api/v1/category/88888/products HTTP/1.1\" 304 -\n","level":"info"}
{"message":"Controler - Productget - ProductsByCategoryconnect ECONNREFUSED 127.0.0.1:8000","errno":"ECONNREFUSED","code":"NetworkingError","syscall":"connect","address":"127.0.0.1","port":8000,"region":"us-east-1","hostname":"localhost","retryable":true,"time":"2019-03-27T03:14:41.156Z","level":"info","stack":"Error: connect ECONNREFUSED 127.0.0.1:8000\n    at TCPConnectWrap.afterConnect [as oncomplete] (net.js:1113:14)"}
{"message":"::1 - - [27/Mar/2019:03:14:41 +0000] \"GET /api/v1/category/88888/products HTTP/1.1\" 304 -\n","level":"info"}
{"message":"::1 - - [27/Mar/2019:03:16:20 +0000] \"GET /api/v1/category/88888/products HTTP/1.1\" 200 831\n","level":"info"}
{"message":"::1 - - [27/Mar/2019:03:16:35 +0000] \"GET /api/v1/category/8888812/products HTTP/1.1\" 200 20\n","level":"info"}
{"message":"::1 - - [27/Mar/2019:03:16:44 +0000] \"GET /api/v1/category/88888/products HTTP/1.1\" 200 831\n","level":"info"}
{"message":"::1 - - [27/Mar/2019:03:16:55 +0000] \"GET /api/v1/category/88888/products HTTP/1.1\" 200 831\n","level":"info"}
{"message":"::1 - - [27/Mar/2019:03:18:26 +0000] \"GET /api/v1/category/88888/products HTTP/1.1\" 200 831\n","level":"info"}
{"message":"::1 - - [27/Mar/2019:03:19:19 +0000] \"GET /api/v1/category/88888/products HTTP/1.1\" 200 831\n","level":"info"}
{"message":"::1 - - [27/Mar/2019:03:19:38 +0000] \"GET /api/v1/products HTTP/1.1\" 401 -\n","level":"info"}
{"message":"::1 - - [27/Mar/2019:03:20:29 +0000] \"GET /api/v1/category/88888/products HTTP/1.1\" 401 -\n","level":"info"}
{"message":"::1 - - [27/Mar/2019:03:22:43 +0000] \"GET /api/v1/category/88888/products HTTP/1.1\" 401 -\n","level":"info"}
{"level":"info","message":"Authecation: Get User ID "}
{"level":"info","message":"Authecation: Get User ID "}
{"level":"info","message":"Authecation: "}
{"level":"info","message":"Authecation: "}
{"message":"::1 - - [27/Mar/2019:03:24:37 +0000] \"GET /api/v1/category/88888/products HTTP/1.1\" 401 -\n","level":"info"}
{"level":"info","message":"Authecation:  "}
{"level":"info","message":"Authecation:  "}
{"message":"::1 - - [27/Mar/2019:03:28:13 +0000] \"GET /api/v1/category/88888/products HTTP/1.1\" 401 -\n","level":"info"}
{"message":"::1 - - [27/Mar/2019:03:28:28 +0000] \"GET /api/v1/category/88888/products HTTP/1.1\" 401 -\n","level":"info"}
{"level":"info","message":"Authecation:  "}
{"level":"info","message":"Authecation:  "}
{"message":"::1 - - [27/Mar/2019:03:58:31 +0000] \"GET / HTTP/1.1\" 304 -\n","level":"info"}
{"message":"::1 - - [27/Mar/2019:03:58:32 +0000] \"GET /favicon.ico HTTP/1.1\" 404 150\n","level":"info"}
{"message":"::1 - - [27/Mar/2019:03:58:33 +0000] \"GET /apidoc/ HTTP/1.1\" 200 -\n","level":"info"}
{"message":"::1 - - [27/Mar/2019:03:58:33 +0000] \"GET /apidoc/vendor/prettify.css HTTP/1.1\" 200 -\n","level":"info"}
{"message":"::1 - - [27/Mar/2019:03:58:33 +0000] \"GET /apidoc/css/style.css HTTP/1.1\" 200 -\n","level":"info"}
{"message":"::1 - - [27/Mar/2019:03:58:33 +0000] \"GET /apidoc/vendor/polyfill.js HTTP/1.1\" 200 -\n","level":"info"}
{"message":"::1 - - [27/Mar/2019:03:58:33 +0000] \"GET /apidoc/vendor/bootstrap.min.css HTTP/1.1\" 200 -\n","level":"info"}
{"message":"::1 - - [27/Mar/2019:03:58:33 +0000] \"GET /apidoc/vendor/require.min.js HTTP/1.1\" 200 -\n","level":"info"}
{"message":"::1 - - [27/Mar/2019:03:58:34 +0000] \"GET /apidoc/main.js HTTP/1.1\" 200 -\n","level":"info"}
{"message":"::1 - - [27/Mar/2019:03:58:34 +0000] \"GET /apidoc/vendor/jquery.min.js?v=1553659114450 HTTP/1.1\" 200 -\n","level":"info"}
{"message":"::1 - - [27/Mar/2019:03:58:34 +0000] \"GET /apidoc/api_project.js?v=1553659114450 HTTP/1.1\" 200 395\n","level":"info"}
{"message":"::1 - - [27/Mar/2019:03:58:34 +0000] \"GET /apidoc/locales/locale.js?v=1553659114450 HTTP/1.1\" 200 -\n","level":"info"}
{"message":"::1 - - [27/Mar/2019:03:58:34 +0000] \"GET /apidoc/vendor/lodash.custom.min.js?v=1553659114450 HTTP/1.1\" 200 -\n","level":"info"}
{"message":"::1 - - [27/Mar/2019:03:58:34 +0000] \"GET /apidoc/api_data.js?v=1553659114450 HTTP/1.1\" 200 -\n","level":"info"}
{"message":"::1 - - [27/Mar/2019:03:58:34 +0000] \"GET /apidoc/utils/send_sample_request.js?v=1553659114450 HTTP/1.1\" 200 -\n","level":"info"}
{"message":"::1 - - [27/Mar/2019:03:58:34 +0000] \"GET /apidoc/vendor/semver.min.js?v=1553659114450 HTTP/1.1\" 200 -\n","level":"info"}
{"message":"::1 - - [27/Mar/2019:03:58:34 +0000] \"GET /apidoc/vendor/webfontloader.js?v=1553659114450 HTTP/1.1\" 200 -\n","level":"info"}
{"message":"::1 - - [27/Mar/2019:03:58:34 +0000] \"GET /apidoc/vendor/path-to-regexp/index.js?v=1553659114450 HTTP/1.1\" 200 -\n","level":"info"}
{"message":"::1 - - [27/Mar/2019:03:58:34 +0000] \"GET /apidoc/vendor/list.min.js?v=1553659114450 HTTP/1.1\" 200 -\n","level":"info"}
{"message":"::1 - - [27/Mar/2019:03:58:34 +0000] \"GET /apidoc/vendor/prettify/prettify.js?v=1553659114450 HTTP/1.1\" 200 -\n","level":"info"}
{"message":"::1 - - [27/Mar/2019:03:58:34 +0000] \"GET /apidoc/vendor/handlebars.min.js?v=1553659114450 HTTP/1.1\" 200 -\n","level":"info"}
{"message":"::1 - - [27/Mar/2019:03:58:34 +0000] \"GET /apidoc/locales/ca.js?v=1553659114450 HTTP/1.1\" 200 -\n","level":"info"}
{"message":"::1 - - [27/Mar/2019:03:58:34 +0000] \"GET /apidoc/locales/cs.js?v=1553659114450 HTTP/1.1\" 200 -\n","level":"info"}
{"message":"::1 - - [27/Mar/2019:03:58:34 +0000] \"GET /apidoc/locales/de.js?v=1553659114450 HTTP/1.1\" 200 -\n","level":"info"}
{"message":"::1 - - [27/Mar/2019:03:58:34 +0000] \"GET /apidoc/locales/es.js?v=1553659114450 HTTP/1.1\" 200 -\n","level":"info"}
{"message":"::1 - - [27/Mar/2019:03:58:34 +0000] \"GET /apidoc/locales/fr.js?v=1553659114450 HTTP/1.1\" 200 -\n","level":"info"}
{"message":"::1 - - [27/Mar/2019:03:58:34 +0000] \"GET /apidoc/locales/it.js?v=1553659114450 HTTP/1.1\" 200 -\n","level":"info"}
{"message":"::1 - - [27/Mar/2019:03:58:34 +0000] \"GET /apidoc/locales/nl.js?v=1553659114450 HTTP/1.1\" 200 -\n","level":"info"}
{"message":"::1 - - [27/Mar/2019:03:58:34 +0000] \"GET /apidoc/locales/pl.js?v=1553659114450 HTTP/1.1\" 200 -\n","level":"info"}
{"message":"::1 - - [27/Mar/2019:03:58:34 +0000] \"GET /apidoc/locales/pt_br.js?v=1553659114450 HTTP/1.1\" 200 -\n","level":"info"}
{"message":"::1 - - [27/Mar/2019:03:58:34 +0000] \"GET /apidoc/locales/ro.js?v=1553659114450 HTTP/1.1\" 200 -\n","level":"info"}
{"message":"::1 - - [27/Mar/2019:03:58:34 +0000] \"GET /apidoc/locales/ru.js?v=1553659114450 HTTP/1.1\" 200 -\n","level":"info"}
{"message":"::1 - - [27/Mar/2019:03:58:34 +0000] \"GET /apidoc/locales/tr.js?v=1553659114450 HTTP/1.1\" 200 -\n","level":"info"}
{"message":"::1 - - [27/Mar/2019:03:58:34 +0000] \"GET /apidoc/locales/vi.js?v=1553659114450 HTTP/1.1\" 200 -\n","level":"info"}
{"message":"::1 - - [27/Mar/2019:03:58:34 +0000] \"GET /apidoc/locales/zh.js?v=1553659114450 HTTP/1.1\" 200 -\n","level":"info"}
{"message":"::1 - - [27/Mar/2019:03:58:34 +0000] \"GET /apidoc/locales/zh_cn.js?v=1553659114450 HTTP/1.1\" 200 -\n","level":"info"}
{"message":"::1 - - [27/Mar/2019:03:58:34 +0000] \"GET /apidoc/vendor/bootstrap.min.js?v=1553659114450 HTTP/1.1\" 200 -\n","level":"info"}
{"message":"::1 - - [27/Mar/2019:03:58:34 +0000] \"GET /apidoc/utils/handlebars_helper.js?v=1553659114450 HTTP/1.1\" 200 -\n","level":"info"}
{"message":"::1 - - [27/Mar/2019:03:58:34 +0000] \"GET /apidoc/vendor/diff_match_patch.min.js?v=1553659114450 HTTP/1.1\" 200 -\n","level":"info"}
{"message":"::1 - - [27/Mar/2019:03:58:36 +0000] \"GET /apidoc/vendor/bootstrap.min.css HTTP/1.1\" 304 -\n","level":"info"}
{"message":"::1 - - [27/Mar/2019:03:58:36 +0000] \"GET /apidoc/vendor/prettify.css HTTP/1.1\" 304 -\n","level":"info"}
{"message":"::1 - - [27/Mar/2019:03:58:36 +0000] \"GET /apidoc/css/style.css HTTP/1.1\" 304 -\n","level":"info"}
{"message":"::1 - - [27/Mar/2019:03:58:36 +0000] \"GET /apidoc/vendor/bootstrap.min.css.map HTTP/1.1\" 404 174\n","level":"info"}
{"message":"::1 - - [27/Mar/2019:03:58:48 +0000] \"GET /apidoc/ HTTP/1.1\" 304 -\n","level":"info"}
{"message":"::1 - - [27/Mar/2019:03:58:48 +0000] \"GET /apidoc/vendor/bootstrap.min.css HTTP/1.1\" 304 -\n","level":"info"}
{"message":"::1 - - [27/Mar/2019:03:58:48 +0000] \"GET /apidoc/vendor/prettify.css HTTP/1.1\" 304 -\n","level":"info"}
{"message":"::1 - - [27/Mar/2019:03:58:48 +0000] \"GET /apidoc/css/style.css HTTP/1.1\" 304 -\n","level":"info"}
{"message":"::1 - - [27/Mar/2019:03:58:48 +0000] \"GET /apidoc/vendor/polyfill.js HTTP/1.1\" 304 -\n","level":"info"}
{"message":"::1 - - [27/Mar/2019:03:58:48 +0000] \"GET /apidoc/vendor/require.min.js HTTP/1.1\" 304 -\n","level":"info"}
{"message":"::1 - - [27/Mar/2019:03:58:49 +0000] \"GET /apidoc/vendor/bootstrap.min.css.map HTTP/1.1\" 404 174\n","level":"info"}
{"message":"::1 - - [27/Mar/2019:03:58:49 +0000] \"GET /apidoc/main.js HTTP/1.1\" 304 -\n","level":"info"}
{"message":"::1 - - [27/Mar/2019:03:58:49 +0000] \"GET /apidoc/vendor/jquery.min.js?v=1553659129348 HTTP/1.1\" 200 -\n","level":"info"}
{"message":"::1 - - [27/Mar/2019:03:58:49 +0000] \"GET /apidoc/api_project.js?v=1553659129348 HTTP/1.1\" 200 395\n","level":"info"}
{"message":"::1 - - [27/Mar/2019:03:58:49 +0000] \"GET /apidoc/locales/locale.js?v=1553659129348 HTTP/1.1\" 200 -\n","level":"info"}
{"message":"::1 - - [27/Mar/2019:03:58:49 +0000] \"GET /apidoc/vendor/lodash.custom.min.js?v=1553659129348 HTTP/1.1\" 200 -\n","level":"info"}
{"message":"::1 - - [27/Mar/2019:03:58:49 +0000] \"GET /apidoc/utils/send_sample_request.js?v=1553659129348 HTTP/1.1\" 200 -\n","level":"info"}
{"message":"::1 - - [27/Mar/2019:03:58:49 +0000] \"GET /apidoc/api_data.js?v=1553659129348 HTTP/1.1\" 200 -\n","level":"info"}
{"message":"::1 - - [27/Mar/2019:03:58:49 +0000] \"GET /apidoc/vendor/semver.min.js?v=1553659129348 HTTP/1.1\" 200 -\n","level":"info"}
{"message":"::1 - - [27/Mar/2019:03:58:49 +0000] \"GET /apidoc/vendor/webfontloader.js?v=1553659129348 HTTP/1.1\" 200 -\n","level":"info"}
{"message":"::1 - - [27/Mar/2019:03:58:49 +0000] \"GET /apidoc/vendor/path-to-regexp/index.js?v=1553659129348 HTTP/1.1\" 200 -\n","level":"info"}
{"message":"::1 - - [27/Mar/2019:03:58:49 +0000] \"GET /apidoc/vendor/list.min.js?v=1553659129348 HTTP/1.1\" 200 -\n","level":"info"}
{"message":"::1 - - [27/Mar/2019:03:58:49 +0000] \"GET /apidoc/vendor/prettify/prettify.js?v=1553659129348 HTTP/1.1\" 200 -\n","level":"info"}
{"message":"::1 - - [27/Mar/2019:03:58:49 +0000] \"GET /apidoc/vendor/handlebars.min.js?v=1553659129348 HTTP/1.1\" 200 -\n","level":"info"}
{"message":"::1 - - [27/Mar/2019:03:58:49 +0000] \"GET /apidoc/locales/ca.js?v=1553659129348 HTTP/1.1\" 200 -\n","level":"info"}
{"message":"::1 - - [27/Mar/2019:03:58:49 +0000] \"GET /apidoc/locales/cs.js?v=1553659129348 HTTP/1.1\" 200 -\n","level":"info"}
{"message":"::1 - - [27/Mar/2019:03:58:49 +0000] \"GET /apidoc/locales/de.js?v=1553659129348 HTTP/1.1\" 200 -\n","level":"info"}
{"message":"::1 - - [27/Mar/2019:03:58:49 +0000] \"GET /apidoc/locales/es.js?v=1553659129348 HTTP/1.1\" 200 -\n","level":"info"}
{"message":"::1 - - [27/Mar/2019:03:58:49 +0000] \"GET /apidoc/locales/fr.js?v=1553659129348 HTTP/1.1\" 200 -\n","level":"info"}
{"message":"::1 - - [27/Mar/2019:03:58:49 +0000] \"GET /apidoc/locales/it.js?v=1553659129348 HTTP/1.1\" 200 -\n","level":"info"}
{"message":"::1 - - [27/Mar/2019:03:58:49 +0000] \"GET /apidoc/locales/nl.js?v=1553659129348 HTTP/1.1\" 200 -\n","level":"info"}
{"message":"::1 - - [27/Mar/2019:03:58:49 +0000] \"GET /apidoc/locales/pl.js?v=1553659129348 HTTP/1.1\" 200 -\n","level":"info"}
{"message":"::1 - - [27/Mar/2019:03:58:49 +0000] \"GET /apidoc/locales/pt_br.js?v=1553659129348 HTTP/1.1\" 200 -\n","level":"info"}
{"message":"::1 - - [27/Mar/2019:03:58:49 +0000] \"GET /apidoc/locales/ro.js?v=1553659129348 HTTP/1.1\" 200 -\n","level":"info"}
{"message":"::1 - - [27/Mar/2019:03:58:49 +0000] \"GET /apidoc/locales/ru.js?v=1553659129348 HTTP/1.1\" 200 -\n","level":"info"}
{"message":"::1 - - [27/Mar/2019:03:58:49 +0000] \"GET /apidoc/locales/tr.js?v=1553659129348 HTTP/1.1\" 200 -\n","level":"info"}
{"message":"::1 - - [27/Mar/2019:03:58:49 +0000] \"GET /apidoc/locales/vi.js?v=1553659129348 HTTP/1.1\" 200 -\n","level":"info"}
{"message":"::1 - - [27/Mar/2019:03:58:49 +0000] \"GET /apidoc/locales/zh.js?v=1553659129348 HTTP/1.1\" 200 -\n","level":"info"}
{"message":"::1 - - [27/Mar/2019:03:58:49 +0000] \"GET /apidoc/locales/zh_cn.js?v=1553659129348 HTTP/1.1\" 200 -\n","level":"info"}
{"message":"::1 - - [27/Mar/2019:03:58:49 +0000] \"GET /apidoc/utils/handlebars_helper.js?v=1553659129348 HTTP/1.1\" 200 -\n","level":"info"}
{"message":"::1 - - [27/Mar/2019:03:58:49 +0000] \"GET /apidoc/vendor/bootstrap.min.js?v=1553659129348 HTTP/1.1\" 200 -\n","level":"info"}
{"message":"::1 - - [27/Mar/2019:03:58:49 +0000] \"GET /apidoc/vendor/diff_match_patch.min.js?v=1553659129348 HTTP/1.1\" 200 -\n","level":"info"}
{"message":"::1 - - [27/Mar/2019:04:38:13 +0000] \"GET /apidoc/ HTTP/1.1\" 200 -\n","level":"info"}
{"message":"::1 - - [27/Mar/2019:04:38:13 +0000] \"GET /apidoc/vendor/prettify.css HTTP/1.1\" 200 -\n","level":"info"}
{"message":"::1 - - [27/Mar/2019:04:38:13 +0000] \"GET /apidoc/vendor/bootstrap.min.css HTTP/1.1\" 200 -\n","level":"info"}
{"message":"::1 - - [27/Mar/2019:04:38:13 +0000] \"GET /apidoc/css/style.css HTTP/1.1\" 200 -\n","level":"info"}
{"message":"::1 - - [27/Mar/2019:04:38:13 +0000] \"GET /apidoc/vendor/polyfill.js HTTP/1.1\" 200 -\n","level":"info"}
{"message":"::1 - - [27/Mar/2019:04:38:13 +0000] \"GET /apidoc/vendor/require.min.js HTTP/1.1\" 200 -\n","level":"info"}
{"message":"::1 - - [27/Mar/2019:04:38:14 +0000] \"GET /apidoc/vendor/bootstrap.min.css.map HTTP/1.1\" 404 174\n","level":"info"}
{"message":"::1 - - [27/Mar/2019:04:38:14 +0000] \"GET /apidoc/main.js HTTP/1.1\" 200 -\n","level":"info"}
{"message":"::1 - - [27/Mar/2019:04:38:14 +0000] \"GET /apidoc/vendor/lodash.custom.min.js?v=1553661494388 HTTP/1.1\" 200 -\n","level":"info"}
{"message":"::1 - - [27/Mar/2019:04:38:14 +0000] \"GET /apidoc/vendor/jquery.min.js?v=1553661494388 HTTP/1.1\" 200 -\n","level":"info"}
{"message":"::1 - - [27/Mar/2019:04:38:14 +0000] \"GET /apidoc/api_project.js?v=1553661494388 HTTP/1.1\" 200 395\n","level":"info"}
{"message":"::1 - - [27/Mar/2019:04:38:14 +0000] \"GET /apidoc/locales/locale.js?v=1553661494388 HTTP/1.1\" 200 -\n","level":"info"}
{"message":"::1 - - [27/Mar/2019:04:38:14 +0000] \"GET /apidoc/api_data.js?v=1553661494388 HTTP/1.1\" 200 -\n","level":"info"}
{"message":"::1 - - [27/Mar/2019:04:38:14 +0000] \"GET /apidoc/utils/send_sample_request.js?v=1553661494388 HTTP/1.1\" 200 -\n","level":"info"}
{"message":"::1 - - [27/Mar/2019:04:38:14 +0000] \"GET /apidoc/vendor/semver.min.js?v=1553661494388 HTTP/1.1\" 200 -\n","level":"info"}
{"message":"::1 - - [27/Mar/2019:04:38:14 +0000] \"GET /apidoc/vendor/webfontloader.js?v=1553661494388 HTTP/1.1\" 200 -\n","level":"info"}
{"message":"::1 - - [27/Mar/2019:04:38:14 +0000] \"GET /apidoc/vendor/path-to-regexp/index.js?v=1553661494388 HTTP/1.1\" 200 -\n","level":"info"}
{"message":"::1 - - [27/Mar/2019:04:38:14 +0000] \"GET /apidoc/vendor/list.min.js?v=1553661494388 HTTP/1.1\" 200 -\n","level":"info"}
{"message":"::1 - - [27/Mar/2019:04:38:14 +0000] \"GET /apidoc/vendor/prettify/prettify.js?v=1553661494388 HTTP/1.1\" 200 -\n","level":"info"}
{"message":"::1 - - [27/Mar/2019:04:38:14 +0000] \"GET /apidoc/vendor/handlebars.min.js?v=1553661494388 HTTP/1.1\" 200 -\n","level":"info"}
{"message":"::1 - - [27/Mar/2019:04:38:14 +0000] \"GET /apidoc/locales/ca.js?v=1553661494388 HTTP/1.1\" 200 -\n","level":"info"}
{"message":"::1 - - [27/Mar/2019:04:38:14 +0000] \"GET /apidoc/locales/cs.js?v=1553661494388 HTTP/1.1\" 200 -\n","level":"info"}
{"message":"::1 - - [27/Mar/2019:04:38:14 +0000] \"GET /apidoc/locales/de.js?v=1553661494388 HTTP/1.1\" 200 -\n","level":"info"}
{"message":"::1 - - [27/Mar/2019:04:38:14 +0000] \"GET /apidoc/locales/es.js?v=1553661494388 HTTP/1.1\" 200 -\n","level":"info"}
{"message":"::1 - - [27/Mar/2019:04:38:14 +0000] \"GET /apidoc/locales/fr.js?v=1553661494388 HTTP/1.1\" 200 -\n","level":"info"}
{"message":"::1 - - [27/Mar/2019:04:38:14 +0000] \"GET /apidoc/locales/it.js?v=1553661494388 HTTP/1.1\" 200 -\n","level":"info"}
{"message":"::1 - - [27/Mar/2019:04:38:14 +0000] \"GET /apidoc/locales/nl.js?v=1553661494388 HTTP/1.1\" 200 -\n","level":"info"}
{"message":"::1 - - [27/Mar/2019:04:38:14 +0000] \"GET /apidoc/locales/pl.js?v=1553661494388 HTTP/1.1\" 200 -\n","level":"info"}
{"message":"::1 - - [27/Mar/2019:04:38:14 +0000] \"GET /apidoc/locales/pt_br.js?v=1553661494388 HTTP/1.1\" 200 -\n","level":"info"}
{"message":"::1 - - [27/Mar/2019:04:38:14 +0000] \"GET /apidoc/locales/ro.js?v=1553661494388 HTTP/1.1\" 200 -\n","level":"info"}
{"message":"::1 - - [27/Mar/2019:04:38:14 +0000] \"GET /apidoc/locales/ru.js?v=1553661494388 HTTP/1.1\" 200 -\n","level":"info"}
{"message":"::1 - - [27/Mar/2019:04:38:14 +0000] \"GET /apidoc/locales/tr.js?v=1553661494388 HTTP/1.1\" 200 -\n","level":"info"}
{"message":"::1 - - [27/Mar/2019:04:38:14 +0000] \"GET /apidoc/locales/vi.js?v=1553661494388 HTTP/1.1\" 200 -\n","level":"info"}
{"message":"::1 - - [27/Mar/2019:04:38:14 +0000] \"GET /apidoc/locales/zh.js?v=1553661494388 HTTP/1.1\" 200 -\n","level":"info"}
{"message":"::1 - - [27/Mar/2019:04:38:14 +0000] \"GET /apidoc/locales/zh_cn.js?v=1553661494388 HTTP/1.1\" 200 -\n","level":"info"}
{"message":"::1 - - [27/Mar/2019:04:38:14 +0000] \"GET /apidoc/utils/handlebars_helper.js?v=1553661494388 HTTP/1.1\" 200 -\n","level":"info"}
{"message":"::1 - - [27/Mar/2019:04:38:14 +0000] \"GET /apidoc/vendor/bootstrap.min.js?v=1553661494388 HTTP/1.1\" 200 -\n","level":"info"}
{"message":"::1 - - [27/Mar/2019:04:38:14 +0000] \"GET /apidoc/vendor/diff_match_patch.min.js?v=1553661494388 HTTP/1.1\" 200 -\n","level":"info"}
{"message":"::1 - - [27/Mar/2019:04:38:18 +0000] \"GET /api/v1/category/88888/products HTTP/1.1\" 401 -\n","level":"info"}
{"message":"::1 - - [27/Mar/2019:04:38:20 +0000] \"POST /api/v1/auth/login HTTP/1.1\" 200 173\n","level":"info"}
{"message":"::1 - - [27/Mar/2019:04:40:33 +0000] \"GET / HTTP/1.1\" 304 -\n","level":"info"}
{"message":"::1 - - [27/Mar/2019:04:40:34 +0000] \"GET /favicon.ico HTTP/1.1\" 404 150\n","level":"info"}
{"message":"::1 - - [27/Mar/2019:04:40:45 +0000] \"GET / HTTP/1.1\" 304 -\n","level":"info"}
{"message":"::1 - - [27/Mar/2019:04:41:57 +0000] \"GET / HTTP/1.1\" 304 -\n","level":"info"}
